[timesofindia.indiatimes.com/city/pune/2761-complaints-pending-before-maharasht/131251513.0.delaye]
[static.toiimg.com/thumb/msid-131251349,imgsize-68690,width-400,height-2/beans-26521-19109300-l3uc]
[assets.toiimg.com/assets/prebid/js/til_prebid_new4290.js]
[c.amazon-adsystem.com/aax2/apstag.js]
[securepubads.g.doubleclick.net/tag/js/fd26b.txt]
[backblue.gif]
[fade.gif]
[index.html]
[m.timesofindia.com/touch-icon-iphone-precomposed.png]
[m.timesofindia.com/touch-icon-ipad-precomposed.png]
[m.timesofindia.com/touch-icon-ipad-retina-precomposed.png]
[m.timesofindia.com/touch-icon-iphone-retina-precomposed.png]
[static.toiimg.com/thumb/475293004df2.png]
[assets.toiimg.com/assets/toi_js/toi_webvitals_v2.js]
[delivery.adrecover.com/39799/adRecover8c25.js]
[static.clmbtech.com/ad/commons/js/2658/toi/colombia_v2.js]
[assets.toiimg.com/assets/bootstrap-modern_es6_module.8703a171.js]
[assets.toiimg.com/assets/10610_es6_module.aa01945e.js]
[assets.toiimg.com/assets/15098_es6_module.904b9c13.js]
[assets.toiimg.com/assets/client_es6_module.9c7586bb.js]
[assets.toiimg.com/assets/articleshow_v2_desktop_es6_module.b0335db3.chunk.js]
[assets.toiimg.com/assets/74151.2f4b4757.chunk.css]
[assets.toiimg.com/assets/articleshow_v2_desktop.393790d0.chunk.css]
[assets.toiimg.com/assets/6260.e4adbd5c.chunk.css]
[assets.toiimg.com/assets/41522.f4f93d4f.chunk.css]
[assets.toiimg.com/assets/88393.ce9fee03.chunk.css]
[assets.toiimg.com/assets/15406.d2d9f2fd.chunk.css]
[assets.toiimg.com/assets/55016.41bf4c6d.chunk.css]
[assets.toiimg.com/assets/8647.8dcc8175.chunk.css]
[timesofindia.indiatimes.com/city/pune/2761-complaints-pending-before-maharasht/131251513.0.delaye]
[timesofindia.indiatimes.com/city/pune/2761-complaints-pending-before-maharashtra-wom/GET.a.delaye]
[timesofindia.indiatimes.com/city/pune/2761-complaints-pending-before-maharashtra-wo/POST.d.delaye]
[www.googletagmanager.com/gtm5445.html]
[timesofindia.indiatimes.com/city/pune/2761-complaints-pending-before-maharashtra-wom/gpt.f.delaye]
[assets.toiimg.com/assets/74151.2f4b4757.chunk.css]
[assets.toiimg.com/assets/articleshow_v2_desktop.393790d0.chunk.css]
[assets.toiimg.com/assets/6260.e4adbd5c.chunk.css]
[assets.toiimg.com/assets/41522.f4f93d4f.chunk.css]
[assets.toiimg.com/assets/88393.ce9fee03.chunk.css]
[assets.toiimg.com/assets/15406.d2d9f2fd.chunk.css]
[assets.toiimg.com/assets/55016.41bf4c6d.chunk.css]
[assets.toiimg.com/assets/8647.8dcc8175.chunk.css]
